app/build/intermediates/manifest_merge_blame_file/debug/manifest-merger-blame-debug-report.txt
1<?xml version="1.0" encoding="utf-8"?>
2<manifest xmlns:android="http://schemas.android.com/apk/res/android"
3    package="com.riddh.strictblocker"
4    android:versionCode="1"
5    android:versionName="1.0" >
6
7    <uses-sdk
8        android:minSdkVersion="26"
9        android:targetSdkVersion="34" />
10
11    <!-- Permissions for strictly monitoring apps, network states, and system events -->
12    <uses-permission android:name="android.permission.PACKAGE_USAGE_STATS" />
12-->src\main\AndroidManifest.xml:6:5-114
12-->src\main\AndroidManifest.xml:6:22-75
13    <uses-permission android:name="android.permission.INTERNET" />
13-->src\main\AndroidManifest.xml:7:5-67
13-->src\main\AndroidManifest.xml:7:22-64
14    <uses-permission android:name="android.permission.SYSTEM_ALERT_WINDOW" />
14-->src\main\AndroidManifest.xml:8:5-78
14-->src\main\AndroidManifest.xml:8:22-75
15    <uses-permission android:name="android.permission.FOREGROUND_SERVICE" />
15-->src\main\AndroidManifest.xml:9:5-77
15-->src\main\AndroidManifest.xml:9:22-74
16    <uses-permission android:name="android.permission.FOREGROUND_SERVICE_SPECIAL_USE" />
16-->src\main\AndroidManifest.xml:10:5-88
16-->src\main\AndroidManifest.xml:10:22-86
17    <uses-permission android:name="android.permission.RECEIVE_BOOT_COMPLETED" />
17-->src\main\AndroidManifest.xml:11:5-81
17-->src\main\AndroidManifest.xml:11:22-78
18    <uses-permission android:name="android.permission.REQUEST_IGNORE_BATTERY_OPTIMIZATIONS" />
18-->src\main\AndroidManifest.xml:12:5-95
18-->src\main\AndroidManifest.xml:12:22-92
19
20    <!-- Query all packages to show the list of installed apps to the user for blocking -->
21    <uses-permission android:name="android.permission.QUERY_ALL_PACKAGES" />
21-->src\main\AndroidManifest.xml:15:5-119
21-->src\main\AndroidManifest.xml:15:22-74
22    <uses-permission android:name="android.permission.WAKE_LOCK" />
22-->[androidx.work:work-runtime:2.9.0] AndroidManifest.xml:23:5-68
22-->[androidx.work:work-runtime:2.9.0] AndroidManifest.xml:23:22-65
23    <uses-permission android:name="android.permission.ACCESS_NETWORK_STATE" />
23-->[androidx.work:work-runtime:2.9.0] AndroidManifest.xml:24:5-79
23-->[androidx.work:work-runtime:2.9.0] AndroidManifest.xml:24:22-76
24
25    <permission
25-->[androidx.core:core:1.12.0] AndroidManifest.xml:22:5-24:47
26        android:name="com.riddh.strictblocker.DYNAMIC_RECEIVER_NOT_EXPORTED_PERMISSION"
26-->[androidx.core:core:1.12.0] AndroidManifest.xml:23:9-81
27        android:protectionLevel="signature" />
27-->[androidx.core:core:1.12.0] AndroidManifest.xml:24:9-44
28
29    <uses-permission android:name="com.riddh.strictblocker.DYNAMIC_RECEIVER_NOT_EXPORTED_PERMISSION" />
29-->[androidx.core:core:1.12.0] AndroidManifest.xml:26:5-97
29-->[androidx.core:core:1.12.0] AndroidManifest.xml:26:22-94
30
31    <application
31-->src\main\AndroidManifest.xml:17:5-108:19
32        android:name="com.riddh.strictblocker.BlockerApplication"
32-->src\main\AndroidManifest.xml:18:9-43
33        android:allowBackup="true"
33-->src\main\AndroidManifest.xml:19:9-35
34        android:appComponentFactory="androidx.core.app.CoreComponentFactory"
34-->[androidx.core:core:1.12.0] AndroidManifest.xml:28:18-86
35        android:dataExtractionRules="@xml/data_extraction_rules"
35-->src\main\AndroidManifest.xml:20:9-65
36        android:debuggable="true"
37        android:extractNativeLibs="false"
38        android:fullBackupContent="@xml/backup_rules"
38-->src\main\AndroidManifest.xml:21:9-54
39        android:icon="@mipmap/ic_launcher"
39-->src\main\AndroidManifest.xml:22:9-43
40        android:label="@string/app_name"
40-->src\main\AndroidManifest.xml:23:9-41
41        android:roundIcon="@mipmap/ic_launcher_round"
41-->src\main\AndroidManifest.xml:24:9-54
42        android:supportsRtl="true"
42-->src\main\AndroidManifest.xml:25:9-35
43        android:theme="@style/Theme.StrictBlocker" >
43-->src\main\AndroidManifest.xml:26:9-51
44        <activity
44-->src\main\AndroidManifest.xml:29:9-39:20
45            android:name="com.riddh.strictblocker.MainActivity"
45-->src\main\AndroidManifest.xml:30:13-41
46            android:exported="true"
46-->src\main\AndroidManifest.xml:31:13-36
47            android:label="@string/app_name"
47-->src\main\AndroidManifest.xml:32:13-45
48            android:theme="@style/Theme.StrictBlocker" >
48-->src\main\AndroidManifest.xml:33:13-55
49            <intent-filter>
49-->src\main\AndroidManifest.xml:34:13-38:29
50                <action android:name="android.intent.action.MAIN" />
50-->src\main\AndroidManifest.xml:35:17-69
50-->src\main\AndroidManifest.xml:35:25-66
51
52                <category android:name="android.intent.category.LAUNCHER" />
52-->src\main\AndroidManifest.xml:36:17-77
52-->src\main\AndroidManifest.xml:36:27-74
53                <category android:name="android.intent.category.DEFAULT" />
53-->src\main\AndroidManifest.xml:37:17-76
53-->src\main\AndroidManifest.xml:37:27-73
54            </intent-filter>
55        </activity>
56        <activity
56-->src\main\AndroidManifest.xml:41:9-44:70
57            android:name="com.riddh.strictblocker.MorningAuditActivity"
57-->src\main\AndroidManifest.xml:42:13-49
58            android:exported="false"
58-->src\main\AndroidManifest.xml:43:13-37
59            android:theme="@style/Theme.StrictBlocker.NoActionBar" />
59-->src\main\AndroidManifest.xml:44:13-67
60
61        <!-- The "Block Screen" overlay that appears when a restricted app is launched -->
62        <activity
62-->src\main\AndroidManifest.xml:47:9-51:70
63            android:name="com.riddh.strictblocker.BlockOverlayActivity"
63-->src\main\AndroidManifest.xml:48:13-49
64            android:exported="false"
64-->src\main\AndroidManifest.xml:49:13-37
65            android:launchMode="singleInstance"
65-->src\main\AndroidManifest.xml:50:13-48
66            android:theme="@style/Theme.StrictBlocker.NoActionBar" />
66-->src\main\AndroidManifest.xml:51:13-67
67
68        <service
68-->src\main\AndroidManifest.xml:53:9-57:58
69            android:name="com.riddh.strictblocker.services.BlockerForegroundService"
69-->src\main\AndroidManifest.xml:54:13-62
70            android:enabled="true"
70-->src\main\AndroidManifest.xml:55:13-35
71            android:exported="false"
71-->src\main\AndroidManifest.xml:56:13-37
72            android:foregroundServiceType="specialUse" />
72-->src\main\AndroidManifest.xml:57:13-55
73
74        <!-- Accessibility Service to monitor UI text (URLs/keywords) and restrict settings access -->
75        <service
75-->src\main\AndroidManifest.xml:60:9-71:19
76            android:name="com.riddh.strictblocker.services.BlockerAccessibilityService"
76-->src\main\AndroidManifest.xml:61:13-65
77            android:exported="true"
77-->src\main\AndroidManifest.xml:62:13-36
78            android:label="@string/accessibility_service_label"
78-->src\main\AndroidManifest.xml:63:13-64
79            android:permission="android.permission.BIND_ACCESSIBILITY_SERVICE" >
79-->src\main\AndroidManifest.xml:64:13-79
80            <intent-filter>
80-->src\main\AndroidManifest.xml:65:13-67:29
81                <action android:name="android.accessibilityservice.AccessibilityService" />
81-->src\main\AndroidManifest.xml:66:17-92
81-->src\main\AndroidManifest.xml:66:25-89
82            </intent-filter>
83
84            <meta-data
84-->src\main\AndroidManifest.xml:68:13-70:72
85                android:name="android.accessibilityservice"
85-->src\main\AndroidManifest.xml:69:17-60
86                android:resource="@xml/accessibility_service_config" />
86-->src\main\AndroidManifest.xml:70:17-69
87        </service>
88        <service
88-->src\main\AndroidManifest.xml:73:9-80:19
89            android:name="com.riddh.strictblocker.services.BlockerNotificationService"
89-->src\main\AndroidManifest.xml:73:18-69
90            android:exported="true"
90-->src\main\AndroidManifest.xml:76:13-36
91            android:label="Strict Blocker Notification Manager"
91-->src\main\AndroidManifest.xml:74:13-64
92            android:permission="android.permission.BIND_NOTIFICATION_LISTENER_SERVICE" >
92-->src\main\AndroidManifest.xml:75:13-87
93            <intent-filter>
93-->src\main\AndroidManifest.xml:77:13-79:29
94                <action android:name="android.service.notification.NotificationListenerService" />
94-->src\main\AndroidManifest.xml:78:17-99
94-->src\main\AndroidManifest.xml:78:25-96
95            </intent-filter>
96        </service>
97
98        <receiver
98-->src\main\AndroidManifest.xml:82:9-89:20
99            android:name="com.riddh.strictblocker.receivers.BootReceiver"
99-->src\main\AndroidManifest.xml:83:13-51
100            android:enabled="true"
100-->src\main\AndroidManifest.xml:84:13-35
101            android:exported="true" >
101-->src\main\AndroidManifest.xml:85:13-36
102            <intent-filter>
102-->src\main\AndroidManifest.xml:86:13-88:29
103                <action android:name="android.intent.action.BOOT_COMPLETED" />
103-->src\main\AndroidManifest.xml:87:17-79
103-->src\main\AndroidManifest.xml:87:25-76
104            </intent-filter>
105        </receiver>
106
107        <!-- Device Admin Receiver to prevent uninstallation -->
108        <receiver
108-->src\main\AndroidManifest.xml:92:9-106:20
109            android:name="com.riddh.strictblocker.receivers.AdminReceiver"
109-->src\main\AndroidManifest.xml:93:13-52
110            android:description="@string/device_admin_description"
110-->src\main\AndroidManifest.xml:94:13-67
111            android:exported="true"
111-->src\main\AndroidManifest.xml:95:13-36
112            android:label="@string/app_name"
112-->src\main\AndroidManifest.xml:96:13-45
113            android:permission="android.permission.BIND_DEVICE_ADMIN" >
113-->src\main\AndroidManifest.xml:97:13-70
114            <meta-data
114-->src\main\AndroidManifest.xml:98:13-100:65
115                android:name="android.app.device_admin"
115-->src\main\AndroidManifest.xml:99:17-56
116                android:resource="@xml/device_admin_policies" />
116-->src\main\AndroidManifest.xml:100:17-62
117
118            <intent-filter>
118-->src\main\AndroidManifest.xml:101:13-105:29
119                <action android:name="android.app.action.DEVICE_ADMIN_ENABLED" />
119-->src\main\AndroidManifest.xml:102:17-82
119-->src\main\AndroidManifest.xml:102:25-79
120                <action android:name="android.app.action.DEVICE_ADMIN_DISABLE_REQUESTED" />
120-->src\main\AndroidManifest.xml:103:17-92
120-->src\main\AndroidManifest.xml:103:25-89
121                <action android:name="android.app.action.DEVICE_ADMIN_DISABLED" />
121-->src\main\AndroidManifest.xml:104:17-83
121-->src\main\AndroidManifest.xml:104:25-80
122            </intent-filter>
123        </receiver>
124
125        <provider
125-->[androidx.work:work-runtime:2.9.0] AndroidManifest.xml:29:9-37:20
126            android:name="androidx.startup.InitializationProvider"
126-->[androidx.work:work-runtime:2.9.0] AndroidManifest.xml:30:13-67
127            android:authorities="com.riddh.strictblocker.androidx-startup"
127-->[androidx.work:work-runtime:2.9.0] AndroidManifest.xml:31:13-68
128            android:exported="false" >
128-->[androidx.work:work-runtime:2.9.0] AndroidManifest.xml:32:13-37
129            <meta-data
129-->[androidx.work:work-runtime:2.9.0] AndroidManifest.xml:34:13-36:52
130                android:name="androidx.work.WorkManagerInitializer"
130-->[androidx.work:work-runtime:2.9.0] AndroidManifest.xml:35:17-68
131                android:value="androidx.startup" />
131-->[androidx.work:work-runtime:2.9.0] AndroidManifest.xml:36:17-49
132            <meta-data
132-->[androidx.emoji2:emoji2:1.3.0] AndroidManifest.xml:29:13-31:52
133                android:name="androidx.emoji2.text.EmojiCompatInitializer"
133-->[androidx.emoji2:emoji2:1.3.0] AndroidManifest.xml:30:17-75
134                android:value="androidx.startup" />
134-->[androidx.emoji2:emoji2:1.3.0] AndroidManifest.xml:31:17-49
135            <meta-data
135-->[androidx.lifecycle:lifecycle-process:2.7.0] AndroidManifest.xml:29:13-31:52
136                android:name="androidx.lifecycle.ProcessLifecycleInitializer"
136-->[androidx.lifecycle:lifecycle-process:2.7.0] AndroidManifest.xml:30:17-78
137                android:value="androidx.startup" />
137-->[androidx.lifecycle:lifecycle-process:2.7.0] AndroidManifest.xml:31:17-49
138            <meta-data
138-->[androidx.profileinstaller:profileinstaller:1.3.1] AndroidManifest.xml:29:13-31:52
139                android:name="androidx.profileinstaller.ProfileInstallerInitializer"
139-->[androidx.profileinstaller:profileinstaller:1.3.1] AndroidManifest.xml:30:17-85
140                android:value="androidx.startup" />
140-->[androidx.profileinstaller:profileinstaller:1.3.1] AndroidManifest.xml:31:17-49
141        </provider>
142
143        <service
143-->[androidx.work:work-runtime:2.9.0] AndroidManifest.xml:39:9-45:35
144            android:name="androidx.work.impl.background.systemalarm.SystemAlarmService"
144-->[androidx.work:work-runtime:2.9.0] AndroidManifest.xml:40:13-88
145            android:directBootAware="false"
145-->[androidx.work:work-runtime:2.9.0] AndroidManifest.xml:41:13-44
146            android:enabled="@bool/enable_system_alarm_service_default"
146-->[androidx.work:work-runtime:2.9.0] AndroidManifest.xml:42:13-72
147            android:exported="false" />
147-->[androidx.work:work-runtime:2.9.0] AndroidManifest.xml:43:13-37
148        <service
148-->[androidx.work:work-runtime:2.9.0] AndroidManifest.xml:46:9-52:35
149            android:name="androidx.work.impl.background.systemjob.SystemJobService"
149-->[androidx.work:work-runtime:2.9.0] AndroidManifest.xml:47:13-84
150            android:directBootAware="false"
150-->[androidx.work:work-runtime:2.9.0] AndroidManifest.xml:48:13-44
151            android:enabled="@bool/enable_system_job_service_default"
151-->[androidx.work:work-runtime:2.9.0] AndroidManifest.xml:49:13-70
152            android:exported="true"
152-->[androidx.work:work-runtime:2.9.0] AndroidManifest.xml:50:13-36
153            android:permission="android.permission.BIND_JOB_SERVICE" />
153-->[androidx.work:work-runtime:2.9.0] AndroidManifest.xml:51:13-69
154        <service
154-->[androidx.work:work-runtime:2.9.0] AndroidManifest.xml:53:9-59:35
155            android:name="androidx.work.impl.foreground.SystemForegroundService"
155-->[androidx.work:work-runtime:2.9.0] AndroidManifest.xml:54:13-81
156            android:directBootAware="false"
156-->[androidx.work:work-runtime:2.9.0] AndroidManifest.xml:55:13-44
157            android:enabled="@bool/enable_system_foreground_service_default"
157-->[androidx.work:work-runtime:2.9.0] AndroidManifest.xml:56:13-77
158            android:exported="false" />
158-->[androidx.work:work-runtime:2.9.0] AndroidManifest.xml:57:13-37
159
160        <receiver
160-->[androidx.work:work-runtime:2.9.0] AndroidManifest.xml:61:9-66:35
161            android:name="androidx.work.impl.utils.ForceStopRunnable$BroadcastReceiver"
161-->[androidx.work:work-runtime:2.9.0] AndroidManifest.xml:62:13-88
162            android:directBootAware="false"
162-->[androidx.work:work-runtime:2.9.0] AndroidManifest.xml:63:13-44
163            android:enabled="true"
163-->[androidx.work:work-runtime:2.9.0] AndroidManifest.xml:64:13-35
164            android:exported="false" />
164-->[androidx.work:work-runtime:2.9.0] AndroidManifest.xml:65:13-37
165        <receiver
165-->[androidx.work:work-runtime:2.9.0] AndroidManifest.xml:67:9-77:20
166            android:name="androidx.work.impl.background.systemalarm.ConstraintProxy$BatteryChargingProxy"
166-->[androidx.work:work-runtime:2.9.0] AndroidManifest.xml:68:13-106
167            android:directBootAware="false"
167-->[androidx.work:work-runtime:2.9.0] AndroidManifest.xml:69:13-44
168            android:enabled="false"
168-->[androidx.work:work-runtime:2.9.0] AndroidManifest.xml:70:13-36
169            android:exported="false" >
169-->[androidx.work:work-runtime:2.9.0] AndroidManifest.xml:71:13-37
170            <intent-filter>
170-->[androidx.work:work-runtime:2.9.0] AndroidManifest.xml:73:13-76:29
171                <action android:name="android.intent.action.ACTION_POWER_CONNECTED" />
171-->[androidx.work:work-runtime:2.9.0] AndroidManifest.xml:74:17-87
171-->[androidx.work:work-runtime:2.9.0] AndroidManifest.xml:74:25-84
172                <action android:name="android.intent.action.ACTION_POWER_DISCONNECTED" />
172-->[androidx.work:work-runtime:2.9.0] AndroidManifest.xml:75:17-90
172-->[androidx.work:work-runtime:2.9.0] AndroidManifest.xml:75:25-87
173            </intent-filter>
174        </receiver>
175        <receiver
175-->[androidx.work:work-runtime:2.9.0] AndroidManifest.xml:78:9-88:20
176            android:name="androidx.work.impl.background.systemalarm.ConstraintProxy$BatteryNotLowProxy"
176-->[androidx.work:work-runtime:2.9.0] AndroidManifest.xml:79:13-104
177            android:directBootAware="false"
177-->[androidx.work:work-runtime:2.9.0] AndroidManifest.xml:80:13-44
178            android:enabled="false"
178-->[androidx.work:work-runtime:2.9.0] AndroidManifest.xml:81:13-36
179            android:exported="false" >
179-->[androidx.work:work-runtime:2.9.0] AndroidManifest.xml:82:13-37
180            <intent-filter>
180-->[androidx.work:work-runtime:2.9.0] AndroidManifest.xml:84:13-87:29
181                <action android:name="android.intent.action.BATTERY_OKAY" />
181-->[androidx.work:work-runtime:2.9.0] AndroidManifest.xml:85:17-77
181-->[androidx.work:work-runtime:2.9.0] AndroidManifest.xml:85:25-74
182                <action android:name="android.intent.action.BATTERY_LOW" />
182-->[androidx.work:work-runtime:2.9.0] AndroidManifest.xml:86:17-76
182-->[androidx.work:work-runtime:2.9.0] AndroidManifest.xml:86:25-73
183            </intent-filter>
184        </receiver>
185        <receiver
185-->[androidx.work:work-runtime:2.9.0] AndroidManifest.xml:89:9-99:20
186            android:name="androidx.work.impl.background.systemalarm.ConstraintProxy$StorageNotLowProxy"
186-->[androidx.work:work-runtime:2.9.0] AndroidManifest.xml:90:13-104
187            android:directBootAware="false"
187-->[androidx.work:work-runtime:2.9.0] AndroidManifest.xml:91:13-44
188            android:enabled="false"
188-->[androidx.work:work-runtime:2.9.0] AndroidManifest.xml:92:13-36
189            android:exported="false" >
189-->[androidx.work:work-runtime:2.9.0] AndroidManifest.xml:93:13-37
190            <intent-filter>
190-->[androidx.work:work-runtime:2.9.0] AndroidManifest.xml:95:13-98:29
191                <action android:name="android.intent.action.DEVICE_STORAGE_LOW" />
191-->[androidx.work:work-runtime:2.9.0] AndroidManifest.xml:96:17-83
191-->[androidx.work:work-runtime:2.9.0] AndroidManifest.xml:96:25-80
192                <action android:name="android.intent.action.DEVICE_STORAGE_OK" />
192-->[androidx.work:work-runtime:2.9.0] AndroidManifest.xml:97:17-82
192-->[androidx.work:work-runtime:2.9.0] AndroidManifest.xml:97:25-79
193            </intent-filter>
194        </receiver>
195        <receiver
195-->[androidx.work:work-runtime:2.9.0] AndroidManifest.xml:100:9-109:20
196            android:name="androidx.work.impl.background.systemalarm.ConstraintProxy$NetworkStateProxy"
196-->[androidx.work:work-runtime:2.9.0] AndroidManifest.xml:101:13-103
197            android:directBootAware="false"
197-->[androidx.work:work-runtime:2.9.0] AndroidManifest.xml:102:13-44
198            android:enabled="false"
198-->[androidx.work:work-runtime:2.9.0] AndroidManifest.xml:103:13-36
199            android:exported="false" >
199-->[androidx.work:work-runtime:2.9.0] AndroidManifest.xml:104:13-37
200            <intent-filter>
200-->[androidx.work:work-runtime:2.9.0] AndroidManifest.xml:106:13-108:29
201                <action android:name="android.net.conn.CONNECTIVITY_CHANGE" />
201-->[androidx.work:work-runtime:2.9.0] AndroidManifest.xml:107:17-79
201-->[androidx.work:work-runtime:2.9.0] AndroidManifest.xml:107:25-76
202            </intent-filter>
203        </receiver>
204        <receiver
204-->[androidx.work:work-runtime:2.9.0] AndroidManifest.xml:110:9-121:20
205            android:name="androidx.work.impl.background.systemalarm.RescheduleReceiver"
205-->[androidx.work:work-runtime:2.9.0] AndroidManifest.xml:111:13-88
206            android:directBootAware="false"
206-->[androidx.work:work-runtime:2.9.0] AndroidManifest.xml:112:13-44
207            android:enabled="false"
207-->[androidx.work:work-runtime:2.9.0] AndroidManifest.xml:113:13-36
208            android:exported="false" >
208-->[androidx.work:work-runtime:2.9.0] AndroidManifest.xml:114:13-37
209            <intent-filter>
209-->[androidx.work:work-runtime:2.9.0] AndroidManifest.xml:116:13-120:29
210                <action android:name="android.intent.action.BOOT_COMPLETED" />
210-->src\main\AndroidManifest.xml:87:17-79
210-->src\main\AndroidManifest.xml:87:25-76
211                <action android:name="android.intent.action.TIME_SET" />
211-->[androidx.work:work-runtime:2.9.0] AndroidManifest.xml:118:17-73
211-->[androidx.work:work-runtime:2.9.0] AndroidManifest.xml:118:25-70
212                <action android:name="android.intent.action.TIMEZONE_CHANGED" />
212-->[androidx.work:work-runtime:2.9.0] AndroidManifest.xml:119:17-81
212-->[androidx.work:work-runtime:2.9.0] AndroidManifest.xml:119:25-78
213            </intent-filter>
214        </receiver>
215        <receiver
215-->[androidx.work:work-runtime:2.9.0] AndroidManifest.xml:122:9-131:20
216            android:name="androidx.work.impl.background.systemalarm.ConstraintProxyUpdateReceiver"
216-->[androidx.work:work-runtime:2.9.0] AndroidManifest.xml:123:13-99
217            android:directBootAware="false"
217-->[androidx.work:work-runtime:2.9.0] AndroidManifest.xml:124:13-44
218            android:enabled="@bool/enable_system_alarm_service_default"
218-->[androidx.work:work-runtime:2.9.0] AndroidManifest.xml:125:13-72
219            android:exported="false" >
219-->[androidx.work:work-runtime:2.9.0] AndroidManifest.xml:126:13-37
220            <intent-filter>
220-->[androidx.work:work-runtime:2.9.0] AndroidManifest.xml:128:13-130:29
221                <action android:name="androidx.work.impl.background.systemalarm.UpdateProxies" />
221-->[androidx.work:work-runtime:2.9.0] AndroidManifest.xml:129:17-98
221-->[androidx.work:work-runtime:2.9.0] AndroidManifest.xml:129:25-95
222            </intent-filter>
223        </receiver>
224        <receiver
224-->[androidx.work:work-runtime:2.9.0] AndroidManifest.xml:132:9-142:20
225            android:name="androidx.work.impl.diagnostics.DiagnosticsReceiver"
225-->[androidx.work:work-runtime:2.9.0] AndroidManifest.xml:133:13-78
226            android:directBootAware="false"
226-->[androidx.work:work-runtime:2.9.0] AndroidManifest.xml:134:13-44
227            android:enabled="true"
227-->[androidx.work:work-runtime:2.9.0] AndroidManifest.xml:135:13-35
228            android:exported="true"
228-->[androidx.work:work-runtime:2.9.0] AndroidManifest.xml:136:13-36
229            android:permission="android.permission.DUMP" >
229-->[androidx.work:work-runtime:2.9.0] AndroidManifest.xml:137:13-57
230            <intent-filter>
230-->[androidx.work:work-runtime:2.9.0] AndroidManifest.xml:139:13-141:29
231                <action android:name="androidx.work.diagnostics.REQUEST_DIAGNOSTICS" />
231-->[androidx.work:work-runtime:2.9.0] AndroidManifest.xml:140:17-88
231-->[androidx.work:work-runtime:2.9.0] AndroidManifest.xml:140:25-85
232            </intent-filter>
233        </receiver>
234
235        <activity
235-->[androidx.compose.ui:ui-test-manifest:1.6.1] AndroidManifest.xml:23:9-25:39
236            android:name="androidx.activity.ComponentActivity"
236-->[androidx.compose.ui:ui-test-manifest:1.6.1] AndroidManifest.xml:24:13-63
237            android:exported="true" />
237-->[androidx.compose.ui:ui-test-manifest:1.6.1] AndroidManifest.xml:25:13-36
238        <activity
238-->[androidx.compose.ui:ui-tooling-android:1.6.1] AndroidManifest.xml:23:9-25:39
239            android:name="androidx.compose.ui.tooling.PreviewActivity"
239-->[androidx.compose.ui:ui-tooling-android:1.6.1] AndroidManifest.xml:24:13-71
240            android:exported="true" />
240-->[androidx.compose.ui:ui-tooling-android:1.6.1] AndroidManifest.xml:25:13-36
241
242        <service
242-->[androidx.room:room-runtime:2.6.1] AndroidManifest.xml:24:9-28:63
243            android:name="androidx.room.MultiInstanceInvalidationService"
243-->[androidx.room:room-runtime:2.6.1] AndroidManifest.xml:25:13-74
244            android:directBootAware="true"
244-->[androidx.room:room-runtime:2.6.1] AndroidManifest.xml:26:13-43
245            android:exported="false" />
245-->[androidx.room:room-runtime:2.6.1] AndroidManifest.xml:27:13-37
246
247        <receiver
247-->[androidx.profileinstaller:profileinstaller:1.3.1] AndroidManifest.xml:34:9-52:20
248            android:name="androidx.profileinstaller.ProfileInstallReceiver"
248-->[androidx.profileinstaller:profileinstaller:1.3.1] AndroidManifest.xml:35:13-76
249            android:directBootAware="false"
249-->[androidx.profileinstaller:profileinstaller:1.3.1] AndroidManifest.xml:36:13-44
250            android:enabled="true"
250-->[androidx.profileinstaller:profileinstaller:1.3.1] AndroidManifest.xml:37:13-35
251            android:exported="true"
251-->[androidx.profileinstaller:profileinstaller:1.3.1] AndroidManifest.xml:38:13-36
252            android:permission="android.permission.DUMP" >
252-->[androidx.profileinstaller:profileinstaller:1.3.1] AndroidManifest.xml:39:13-57
253            <intent-filter>
253-->[androidx.profileinstaller:profileinstaller:1.3.1] AndroidManifest.xml:40:13-42:29
254                <action android:name="androidx.profileinstaller.action.INSTALL_PROFILE" />
254-->[androidx.profileinstaller:profileinstaller:1.3.1] AndroidManifest.xml:41:17-91
254-->[androidx.profileinstaller:profileinstaller:1.3.1] AndroidManifest.xml:41:25-88
255            </intent-filter>
256            <intent-filter>
256-->[androidx.profileinstaller:profileinstaller:1.3.1] AndroidManifest.xml:43:13-45:29
257                <action android:name="androidx.profileinstaller.action.SKIP_FILE" />
257-->[androidx.profileinstaller:profileinstaller:1.3.1] AndroidManifest.xml:44:17-85
257-->[androidx.profileinstaller:profileinstaller:1.3.1] AndroidManifest.xml:44:25-82
258            </intent-filter>
259            <intent-filter>
259-->[androidx.profileinstaller:profileinstaller:1.3.1] AndroidManifest.xml:46:13-48:29
260                <action android:name="androidx.profileinstaller.action.SAVE_PROFILE" />
260-->[androidx.profileinstaller:profileinstaller:1.3.1] AndroidManifest.xml:47:17-88
260-->[androidx.profileinstaller:profileinstaller:1.3.1] AndroidManifest.xml:47:25-85
261            </intent-filter>
262            <intent-filter>
262-->[androidx.profileinstaller:profileinstaller:1.3.1] AndroidManifest.xml:49:13-51:29
263                <action android:name="androidx.profileinstaller.action.BENCHMARK_OPERATION" />
263-->[androidx.profileinstaller:profileinstaller:1.3.1] AndroidManifest.xml:50:17-95
263-->[androidx.profileinstaller:profileinstaller:1.3.1] AndroidManifest.xml:50:25-92
264            </intent-filter>
265        </receiver>
266    </application>
267
268</manifest>